<?xml version="1.0" encoding="UTF-8"?>
<testng-results ignored="0" total="1" passed="1" failed="0" skipped="0">
  <reporter-output>
  </reporter-output>
  <suite started-at="2023-05-28T16:37:24 IST" name="Default suite" finished-at="2023-05-28T16:37:24 IST" duration-ms="69">
    <groups>
    </groups>
    <test started-at="2023-05-28T16:37:24 IST" name="Default test" finished-at="2023-05-28T16:37:24 IST" duration-ms="69">
      <class name="testngPackage.ClassB">
        <test-method is-config="true" signature="beforeMethod3()[pri:0, instance:testngPackage.ClassB@2dc54ad4]" started-at="2023-05-28T16:37:24 IST" name="beforeMethod3" finished-at="2023-05-28T16:37:24 IST" duration-ms="6" status="PASS">
          <reporter-output>
          </reporter-output>
        </test-method> <!-- beforeMethod3 -->
        <test-method is-config="true" signature="beforeMethod2()[pri:0, instance:testngPackage.ClassB@2dc54ad4]" started-at="2023-05-28T16:37:24 IST" name="beforeMethod2" finished-at="2023-05-28T16:37:24 IST" duration-ms="1" status="PASS">
          <reporter-output>
          </reporter-output>
        </test-method> <!-- beforeMethod2 -->
        <test-method signature="testCase1()[pri:0, instance:testngPackage.ClassB@2dc54ad4]" started-at="2023-05-28T16:37:24 IST" name="testCase1" finished-at="2023-05-28T16:37:24 IST" duration-ms="6" status="PASS">
          <reporter-output>
          </reporter-output>
        </test-method> <!-- testCase1 -->
        <test-method is-config="true" signature="afterMethod2()[pri:0, instance:testngPackage.ClassB@2dc54ad4]" started-at="2023-05-28T16:37:24 IST" name="afterMethod2" finished-at="2023-05-28T16:37:24 IST" duration-ms="0" status="PASS">
          <reporter-output>
          </reporter-output>
        </test-method> <!-- afterMethod2 -->
        <test-method is-config="true" signature="afterMethod3()[pri:0, instance:testngPackage.ClassB@2dc54ad4]" started-at="2023-05-28T16:37:24 IST" name="afterMethod3" finished-at="2023-05-28T16:37:24 IST" duration-ms="0" status="PASS">
          <reporter-output>
          </reporter-output>
        </test-method> <!-- afterMethod3 -->
      </class> <!-- testngPackage.ClassB -->
    </test> <!-- Default test -->
  </suite> <!-- Default suite -->
</testng-results>
